#
# There is insufficient memory for the Java Runtime Environment to continue.
# Native memory allocation (malloc) failed to allocate 1048576 bytes for AllocateHeap
# Possible reasons:
#   The system is out of physical RAM or swap space
#   The process is running with CompressedOops enabled, and the Java Heap may be blocking the growth of the native heap
# Possible solutions:
#   Reduce memory load on the system
#   Increase physical memory or swap space
#   Check if swap backing store is full
#   Decrease Java heap size (-Xmx/-Xms)
#   Decrease number of Java threads
#   Decrease Java thread stack sizes (-Xss)
#   Set larger code cache with -XX:ReservedCodeCacheSize=
#   JVM is running with Unscaled Compressed Oops mode in which the Java heap is
#     placed in the first 4GB address space. The Java Heap base address is the
#     maximum limit for the native heap growth. Please use -XX:HeapBaseMinAddress
#     to set the Java Heap base and to place the Java Heap above 4GB virtual address.
# This output file may be truncated or incomplete.
#
#  Out of Memory Error (allocation.cpp:44), pid=3208, tid=10108
#
# JRE version:  (17.0.7+8) (build )
# Java VM: Java HotSpot(TM) 64-Bit Server VM (17.0.7+8-LTS-224, mixed mode, sharing, tiered, compressed oops, compressed class ptrs, g1 gc, windows-amd64)
# No core dump will be written. Minidumps are not enabled by default on client versions of Windows
#

---------------  S U M M A R Y ------------

Command Line: -Dfile.encoding=UTF-8 --module-path=C:\Users\eq0024\julyprogramms\discountapplicable\bin -XX:+ShowCodeDetailsInExceptionMessages -Djdk.module.main=discountapplicable discountapplicable/discount_applicable.classdemo

Host: AMD Ryzen 5 3500U with Radeon Vega Mobile Gfx  , 8 cores, 5G,  Windows 11 , 64 bit Build 25926 (10.0.25926.1000)
Time: Fri Aug 18 16:19:24 2023 India Standard Time elapsed time: 1.046291 seconds (0d 0h 0m 1s)

---------------  T H R E A D  ---------------

Current thread (0x0000023ecca9b3b0):  JavaThread "Unknown thread" [_thread_in_vm, id=10108, stack(0x000000f4a3700000,0x000000f4a3800000)]

Stack: [0x000000f4a3700000,0x000000f4a3800000]
Native frames: (J=compiled Java code, j=interpreted, Vv=VM code, C=native code)
V  [jvm.dll+0x676a4a]
V  [jvm.dll+0x7d74f4]
V  [jvm.dll+0x7d8c9e]
V  [jvm.dll+0x7d9303]
V  [jvm.dll+0x2452c5]
V  [jvm.dll+0xa50a3]
V  [jvm.dll+0x2e2c5e]
V  [jvm.dll+0x2da97b]
V  [jvm.dll+0x7a8fb1]
V  [jvm.dll+0x3670e1]
V  [jvm.dll+0x788359]
V  [jvm.dll+0x3ea5ef]
V  [jvm.dll+0x3ec071]
C  [jli.dll+0x5297]
C  [ucrtbase.dll+0x62871]
C  [KERNEL32.DLL+0x11f88]
C  [ntdll.dll+0x68241]


---------------  P R O C E S S  ---------------

Threads class SMR info:
_java_thread_list=0x00007ffc89994998, length=0, elements={
}

Java Threads: ( => current thread )

Other Threads:
  0x0000023eccae5d90 GCTaskThread "GC Thread#0" [stack: 0x000000f4a3800000,0x000000f4a3900000] [id=13732]

[error occurred during error reporting (printing all threads), id 0xc0000005, EXCEPTION_ACCESS_VIOLATION (0xc0000005) at pc=0x00007ffc891c7bd0]

VM state: not at safepoint (not fully initialized)

VM Mutex/Monitor currently owned by a thread:  ([mutex/lock_event])
[0x0000023ecca96250] Heap_lock - owner thread: 0x0000023ecca9b3b0

Heap address: 0x00000000a1400000, size: 1516 MB, Compressed Oops mode: 32-bit

CDS archive(s) mapped at: [0x0000000000000000-0x0000000000000000-0x0000000000000000), size 0, SharedBaseAddress: 0x0000000800000000, ArchiveRelocationMode: 0.
Narrow klass base: 0x0000000000000000, Narrow klass shift: 0, Narrow klass range: 0x0

GC Precious Log:
<Empty>

Heap:
 garbage-first heap   total 0K, used 0K [0x00000000a1400000, 0x0000000100000000)
  region size 1024K, 0 young (0K), 0 survivors (0K)

[error occurred during error reporting (printing heap information), id 0xc0000005, EXCEPTION_ACCESS_VIOLATION (0xc0000005) at pc=0x00007ffc895b00b9]

GC Heap History (0 events):
No events

Deoptimization events (0 events):
No events

Classes unloaded (0 events):
No events

Classes redefined (0 events):
No events

Internal exceptions (0 events):
No events

VM Operations (0 events):
No events

Events (1 events):
Event: 0.020 Loaded shared library C:\Program Files\Java\jdk-17\bin\java.dll


Dynamic libraries:
0x00007ff6ec790000 - 0x00007ff6ec7a0000 	C:\Program Files\Java\jdk-17\bin\javaw.exe
0x00007ffce9130000 - 0x00007ffce935e000 	C:\WINDOWS\SYSTEM32\ntdll.dll
0x00007ffce7630000 - 0x00007ffce76f8000 	C:\WINDOWS\System32\KERNEL32.DLL
0x00007ffce6560000 - 0x00007ffce68bc000 	C:\WINDOWS\System32\KERNELBASE.dll
0x00007ffce6cf0000 - 0x00007ffce6e22000 	C:\WINDOWS\System32\ucrtbase.dll
0x00007ffccc1f0000 - 0x00007ffccc20b000 	C:\Program Files\Java\jdk-17\bin\VCRUNTIME140.dll
0x00007ffcd0ee0000 - 0x00007ffcd0ef9000 	C:\Program Files\Java\jdk-17\bin\jli.dll
0x00007ffce8c00000 - 0x00007ffce8cb0000 	C:\WINDOWS\System32\ADVAPI32.dll
0x00007ffce6f60000 - 0x00007ffce7007000 	C:\WINDOWS\System32\msvcrt.dll
0x00007ffce8d50000 - 0x00007ffce8df0000 	C:\WINDOWS\System32\sechost.dll
0x00007ffce8fc0000 - 0x00007ffce90e5000 	C:\WINDOWS\System32\RPCRT4.dll
0x00007ffce7220000 - 0x00007ffce73d1000 	C:\WINDOWS\System32\USER32.dll
0x00007ffce6c30000 - 0x00007ffce6c57000 	C:\WINDOWS\System32\win32u.dll
0x00007ffcd5080000 - 0x00007ffcd5311000 	C:\WINDOWS\WinSxS\amd64_microsoft.windows.common-controls_6595b64144ccf1df_6.0.25926.1000_none_87fa0c0cc4f467b9\COMCTL32.dll
0x00007ffce71f0000 - 0x00007ffce7219000 	C:\WINDOWS\System32\GDI32.dll
0x00007ffce6e30000 - 0x00007ffce6f4f000 	C:\WINDOWS\System32\gdi32full.dll
0x00007ffce68c0000 - 0x00007ffce6965000 	C:\WINDOWS\System32\msvcp_win.dll
0x00007ffce0ff0000 - 0x00007ffce0ffa000 	C:\WINDOWS\SYSTEM32\VERSION.dll
0x00007ffce8cd0000 - 0x00007ffce8d00000 	C:\WINDOWS\System32\IMM32.DLL
0x00007ffce3380000 - 0x00007ffce338c000 	C:\Program Files\Java\jdk-17\bin\vcruntime140_1.dll
0x00007ffcc4af0000 - 0x00007ffcc4b7e000 	C:\Program Files\Java\jdk-17\bin\msvcp140.dll
0x00007ffc88ee0000 - 0x00007ffc89abd000 	C:\Program Files\Java\jdk-17\bin\server\jvm.dll
0x00007ffce8d10000 - 0x00007ffce8d18000 	C:\WINDOWS\System32\PSAPI.DLL
0x00007ffce0fb0000 - 0x00007ffce0fe4000 	C:\WINDOWS\SYSTEM32\WINMM.dll
0x00007ffcddeb0000 - 0x00007ffcddeb9000 	C:\WINDOWS\SYSTEM32\WSOCK32.dll
0x00007ffce73e0000 - 0x00007ffce7453000 	C:\WINDOWS\System32\WS2_32.dll
0x00007ffce5490000 - 0x00007ffce54a8000 	C:\WINDOWS\SYSTEM32\kernel.appcore.dll
0x00007ffcdd1d0000 - 0x00007ffcdd1da000 	C:\Program Files\Java\jdk-17\bin\jimage.dll
0x00007ffcd6a20000 - 0x00007ffcd6c55000 	C:\WINDOWS\SYSTEM32\DBGHELP.DLL
0x00007ffce7700000 - 0x00007ffce7a7a000 	C:\WINDOWS\System32\combase.dll
0x00007ffce7550000 - 0x00007ffce7625000 	C:\WINDOWS\System32\OLEAUT32.dll
0x00007ffcd6620000 - 0x00007ffcd6658000 	C:\WINDOWS\SYSTEM32\dbgcore.DLL
0x00007ffce6c60000 - 0x00007ffce6ce1000 	C:\WINDOWS\System32\bcryptPrimitives.dll
0x00007ffccc1c0000 - 0x00007ffccc1e5000 	C:\Program Files\Java\jdk-17\bin\java.dll

dbghelp: loaded successfully - version: 4.0.5 - missing functions: none
symbol engine: initialized successfully - sym options: 0x614 - pdb path: .;C:\Program Files\Java\jdk-17\bin;C:\WINDOWS\SYSTEM32;C:\WINDOWS\WinSxS\amd64_microsoft.windows.common-controls_6595b64144ccf1df_6.0.25926.1000_none_87fa0c0cc4f467b9;C:\Program Files\Java\jdk-17\bin\server

VM Arguments:
jvm_args: -Dfile.encoding=UTF-8 --module-path=C:\Users\eq0024\julyprogramms\discountapplicable\bin -XX:+ShowCodeDetailsInExceptionMessages -Djdk.module.main=discountapplicable 
java_command: discountapplicable/discount_applicable.classdemo
java_class_path (initial): <not set>
Launcher Type: SUN_STANDARD

[Global flags]
     intx CICompilerCount                          = 4                                         {product} {ergonomic}
     uint ConcGCThreads                            = 2                                         {product} {ergonomic}
     uint G1ConcRefinementThreads                  = 8                                         {product} {ergonomic}
   size_t G1HeapRegionSize                         = 1048576                                   {product} {ergonomic}
    uintx GCDrainStackTargetSize                   = 64                                        {product} {ergonomic}
   size_t InitialHeapSize                          = 100663296                                 {product} {ergonomic}
   size_t MarkStackSize                            = 4194304                                   {product} {ergonomic}
   size_t MaxHeapSize                              = 1589641216                                {product} {ergonomic}
   size_t MinHeapDeltaBytes                        = 1048576                                   {product} {ergonomic}
   size_t MinHeapSize                              = 8388608                                   {product} {ergonomic}
    uintx NonNMethodCodeHeapSize                   = 5839372                                {pd product} {ergonomic}
    uintx NonProfiledCodeHeapSize                  = 122909434                              {pd product} {ergonomic}
    uintx ProfiledCodeHeapSize                     = 122909434                              {pd product} {ergonomic}
    uintx ReservedCodeCacheSize                    = 251658240                              {pd product} {ergonomic}
     bool SegmentedCodeCache                       = true                                      {product} {ergonomic}
     bool ShowCodeDetailsInExceptionMessages       = true                                   {manageable} {command line}
   size_t SoftMaxHeapSize                          = 1589641216                             {manageable} {ergonomic}
     bool UseCompressedClassPointers               = true                           {product lp64_product} {ergonomic}
     bool UseCompressedOops                        = true                           {product lp64_product} {ergonomic}
     bool UseG1GC                                  = true                                      {product} {ergonomic}
     bool UseLargePagesIndividualAllocation        = false                                  {pd product} {ergonomic}

Logging:
Log output configuration:
 #0: stdout all=warning uptime,level,tags
 #1: stderr all=off uptime,level,tags

Environment Variables:
PATH=C:\Program Files\Common Files\Oracle\Java\javapath;C:\WINDOWS\system32;C:\WINDOWS;C:\WINDOWS\System32\Wbem;C:\WINDOWS\System32\WindowsPowerShell\v1.0\;C:\WINDOWS\System32\OpenSSH\;C:\Program Files (x86)\GTK2-Runtime\bin;C:\Program Files\MATLAB\R2022b\bin;C:\Program Files\Java\jdk-17\bin\java.exe;C:\Users\eq0024\AppData\Local\Microsoft\WindowsApps;
USERNAME=eq0024
OS=Windows_NT
PROCESSOR_IDENTIFIER=AMD64 Family 23 Model 24 Stepping 1, AuthenticAMD



---------------  S Y S T E M  ---------------

OS:
 Windows 11 , 64 bit Build 25926 (10.0.25926.1000)
OS uptime: 0 days 0:24 hours

CPU: total 8 (initial active 8) (8 cores per cpu, 2 threads per core) family 23 model 24 stepping 1 microcode 0x8108109, cx8, cmov, fxsr, ht, mmx, 3dnowpref, sse, sse2, sse3, ssse3, sse4a, sse4.1, sse4.2, popcnt, lzcnt, tsc, tscinvbit, avx, avx2, aes, clmul, bmi1, bmi2, adx, sha, fma, vzeroupper, clflush, clflushopt

Memory: 4k page, system-wide physical 6060M (1516M free)
TotalPageFile size 6060M (AvailPageFile size 5M)
current process WorkingSet (physical memory assigned to process): 11M, peak: 11M
current process commit charge ("private bytes"): 59M, peak: 60M

vm_info: Java HotSpot(TM) 64-Bit Server VM (17.0.7+8-LTS-224) for windows-amd64 JRE (17.0.7+8-LTS-224), built on Feb 28 2023 23:03:02 by "mach5one" with MS VC++ 17.1 (VS2022)

END.
