#
# There is insufficient memory for the Java Runtime Environment to continue.
# Native memory allocation (mmap) failed to map 100663296 bytes for G1 virtual space
# Possible reasons:
#   The system is out of physical RAM or swap space
#   The process is running with CompressedOops enabled, and the Java Heap may be blocking the growth of the native heap
# Possible solutions:
#   Reduce memory load on the system
#   Increase physical memory or swap space
#   Check if swap backing store is full
#   Decrease Java heap size (-Xmx/-Xms)
#   Decrease number of Java threads
#   Decrease Java thread stack sizes (-Xss)
#   Set larger code cache with -XX:ReservedCodeCacheSize=
#   JVM is running with Unscaled Compressed Oops mode in which the Java heap is
#     placed in the first 4GB address space. The Java Heap base address is the
#     maximum limit for the native heap growth. Please use -XX:HeapBaseMinAddress
#     to set the Java Heap base and to place the Java Heap above 4GB virtual address.
# This output file may be truncated or incomplete.
#
#  Out of Memory Error (os_windows.cpp:3550), pid=6832, tid=8596
#
# JRE version:  (17.0.7+8) (build )
# Java VM: Java HotSpot(TM) 64-Bit Server VM (17.0.7+8-LTS-224, mixed mode, sharing, tiered, compressed oops, compressed class ptrs, g1 gc, windows-amd64)
# No core dump will be written. Minidumps are not enabled by default on client versions of Windows
#

---------------  S U M M A R Y ------------

Command Line: -Dfile.encoding=UTF-8 --module-path=C:\Users\eq0024\julyprogramms\nestedifelse\bin -XX:+ShowCodeDetailsInExceptionMessages -Djdk.module.main=nestedifelse nestedifelse/nestedifelse.nesteddemo

Host: AMD Ryzen 5 3500U with Radeon Vega Mobile Gfx  , 8 cores, 5G,  Windows 11 , 64 bit Build 25905 (10.0.25905.1000)
Time: Wed Aug  9 23:03:38 2023 India Standard Time elapsed time: 2.035900 seconds (0d 0h 0m 2s)

---------------  T H R E A D  ---------------

Current thread (0x000001a15bdcae40):  JavaThread "Unknown thread" [_thread_in_vm, id=8596, stack(0x0000008755e00000,0x0000008755f00000)]

Stack: [0x0000008755e00000,0x0000008755f00000]
Native frames: (J=compiled Java code, j=interpreted, Vv=VM code, C=native code)
V  [jvm.dll+0x676a4a]
V  [jvm.dll+0x7d74f4]
V  [jvm.dll+0x7d8c9e]
V  [jvm.dll+0x7d9303]
V  [jvm.dll+0x2452c5]
V  [jvm.dll+0x6738f9]
V  [jvm.dll+0x668232]
V  [jvm.dll+0x302826]
V  [jvm.dll+0x309da6]
V  [jvm.dll+0x35952e]
V  [jvm.dll+0x35975f]
V  [jvm.dll+0x2d9a38]
V  [jvm.dll+0x2da9a4]
V  [jvm.dll+0x7a8fb1]
V  [jvm.dll+0x3670e1]
V  [jvm.dll+0x788359]
V  [jvm.dll+0x3ea5ef]
V  [jvm.dll+0x3ec071]
C  [jli.dll+0x5297]
C  [ucrtbase.dll+0x609e1]
C  [KERNEL32.DLL+0x124d8]
C  [ntdll.dll+0x4091]


---------------  P R O C E S S  ---------------

Threads class SMR info:
_java_thread_list=0x00007ffb3c904998, length=0, elements={
}

Java Threads: ( => current thread )

Other Threads:
  0x000001a15be14ee0 GCTaskThread "GC Thread#0" [stack: 0x0000008755f00000,0x0000008756000000] [id=8552]
  0x000001a15be21d00 ConcurrentGCThread "G1 Main Marker" [stack: 0x0000008756000000,0x0000008756100000] [id=12516]
  0x000001a15be268e0 ConcurrentGCThread "G1 Conc#0" [stack: 0x0000008756100000,0x0000008756200000] [id=12824]

[error occurred during error reporting (printing all threads), id 0xc0000005, EXCEPTION_ACCESS_VIOLATION (0xc0000005) at pc=0x00007ffb3c13a697]

VM state: not at safepoint (not fully initialized)

VM Mutex/Monitor currently owned by a thread:  ([mutex/lock_event])
[0x000001a15bdc4b60] Heap_lock - owner thread: 0x000001a15bdcae40

Heap address: 0x00000000a1400000, size: 1516 MB, Compressed Oops mode: 32-bit

CDS archive(s) mapped at: [0x0000000000000000-0x0000000000000000-0x0000000000000000), size 0, SharedBaseAddress: 0x0000000800000000, ArchiveRelocationMode: 0.
Narrow klass base: 0x0000000000000000, Narrow klass shift: 0, Narrow klass range: 0x0

GC Precious Log:
<Empty>

Heap:
 garbage-first heap   total 0K, used 0K [0x00000000a1400000, 0x0000000100000000)
  region size 1024K, 0 young (0K), 0 survivors (0K)

[error occurred during error reporting (printing heap information), id 0xc0000005, EXCEPTION_ACCESS_VIOLATION (0xc0000005) at pc=0x00007ffb3c5200b9]

GC Heap History (0 events):
No events

Deoptimization events (0 events):
No events

Classes unloaded (0 events):
No events

Classes redefined (0 events):
No events

Internal exceptions (0 events):
No events

VM Operations (0 events):
No events

Events (1 events):
Event: 0.011 Loaded shared library C:\Program Files\Java\jdk-17\bin\java.dll


Dynamic libraries:
0x00007ff77fb50000 - 0x00007ff77fb60000 	C:\Program Files\Java\jdk-17\bin\javaw.exe
0x00007ffb80fe0000 - 0x00007ffb8120b000 	C:\WINDOWS\SYSTEM32\ntdll.dll
0x00007ffb80360000 - 0x00007ffb80426000 	C:\WINDOWS\System32\KERNEL32.DLL
0x00007ffb7e550000 - 0x00007ffb7e8ae000 	C:\WINDOWS\System32\KERNELBASE.dll
0x00007ffb7e8c0000 - 0x00007ffb7e9f3000 	C:\WINDOWS\System32\ucrtbase.dll
0x00007ffb5bc20000 - 0x00007ffb5bc3b000 	C:\Program Files\Java\jdk-17\bin\VCRUNTIME140.dll
0x00007ffb6a350000 - 0x00007ffb6a369000 	C:\Program Files\Java\jdk-17\bin\jli.dll
0x00007ffb802a0000 - 0x00007ffb80350000 	C:\WINDOWS\System32\ADVAPI32.dll
0x00007ffb80990000 - 0x00007ffb80a37000 	C:\WINDOWS\System32\msvcrt.dll
0x00007ffb7ee20000 - 0x00007ffb7eec0000 	C:\WINDOWS\System32\sechost.dll
0x00007ffb7f410000 - 0x00007ffb7f535000 	C:\WINDOWS\System32\RPCRT4.dll
0x00007ffb80c30000 - 0x00007ffb80de1000 	C:\WINDOWS\System32\USER32.dll
0x00007ffb7e520000 - 0x00007ffb7e547000 	C:\WINDOWS\System32\win32u.dll
0x00007ffb6a070000 - 0x00007ffb6a301000 	C:\WINDOWS\WinSxS\amd64_microsoft.windows.common-controls_6595b64144ccf1df_6.0.25905.1000_none_87b90b8fab340372\COMCTL32.dll
0x00007ffb7f630000 - 0x00007ffb7f659000 	C:\WINDOWS\System32\GDI32.dll
0x00007ffb7ecf0000 - 0x00007ffb7ee0f000 	C:\WINDOWS\System32\gdi32full.dll
0x00007ffb7ec40000 - 0x00007ffb7ece5000 	C:\WINDOWS\System32\msvcp_win.dll
0x00007ffb77690000 - 0x00007ffb7769a000 	C:\WINDOWS\SYSTEM32\VERSION.dll
0x00007ffb80e50000 - 0x00007ffb80e80000 	C:\WINDOWS\System32\IMM32.DLL
0x00007ffb6a340000 - 0x00007ffb6a34c000 	C:\Program Files\Java\jdk-17\bin\vcruntime140_1.dll
0x00007ffb3ca30000 - 0x00007ffb3cabe000 	C:\Program Files\Java\jdk-17\bin\msvcp140.dll
0x00007ffb3be50000 - 0x00007ffb3ca2d000 	C:\Program Files\Java\jdk-17\bin\server\jvm.dll
0x00007ffb7f080000 - 0x00007ffb7f088000 	C:\WINDOWS\System32\PSAPI.DLL
0x00007ffb69250000 - 0x00007ffb69259000 	C:\WINDOWS\SYSTEM32\WSOCK32.dll
0x00007ffb77c90000 - 0x00007ffb77cc4000 	C:\WINDOWS\SYSTEM32\WINMM.dll
0x00007ffb80490000 - 0x00007ffb80503000 	C:\WINDOWS\System32\WS2_32.dll
0x00007ffb7d330000 - 0x00007ffb7d348000 	C:\WINDOWS\SYSTEM32\kernel.appcore.dll
0x00007ffb67e30000 - 0x00007ffb67e3a000 	C:\Program Files\Java\jdk-17\bin\jimage.dll
0x00007ffb6ba90000 - 0x00007ffb6bcc5000 	C:\WINDOWS\SYSTEM32\DBGHELP.DLL
0x00007ffb7f090000 - 0x00007ffb7f40b000 	C:\WINDOWS\System32\combase.dll
0x00007ffb801c0000 - 0x00007ffb80295000 	C:\WINDOWS\System32\OLEAUT32.dll
0x00007ffb63270000 - 0x00007ffb632a8000 	C:\WINDOWS\SYSTEM32\dbgcore.DLL
0x00007ffb7e490000 - 0x00007ffb7e511000 	C:\WINDOWS\System32\bcryptPrimitives.dll
0x00007ffb58220000 - 0x00007ffb58245000 	C:\Program Files\Java\jdk-17\bin\java.dll

dbghelp: loaded successfully - version: 4.0.5 - missing functions: none
symbol engine: initialized successfully - sym options: 0x614 - pdb path: .;C:\Program Files\Java\jdk-17\bin;C:\WINDOWS\SYSTEM32;C:\WINDOWS\WinSxS\amd64_microsoft.windows.common-controls_6595b64144ccf1df_6.0.25905.1000_none_87b90b8fab340372;C:\Program Files\Java\jdk-17\bin\server

VM Arguments:
jvm_args: -Dfile.encoding=UTF-8 --module-path=C:\Users\eq0024\julyprogramms\nestedifelse\bin -XX:+ShowCodeDetailsInExceptionMessages -Djdk.module.main=nestedifelse 
java_command: nestedifelse/nestedifelse.nesteddemo
java_class_path (initial): <not set>
Launcher Type: SUN_STANDARD

[Global flags]
     intx CICompilerCount                          = 4                                         {product} {ergonomic}
     uint ConcGCThreads                            = 2                                         {product} {ergonomic}
     uint G1ConcRefinementThreads                  = 8                                         {product} {ergonomic}
   size_t G1HeapRegionSize                         = 1048576                                   {product} {ergonomic}
    uintx GCDrainStackTargetSize                   = 64                                        {product} {ergonomic}
   size_t InitialHeapSize                          = 100663296                                 {product} {ergonomic}
   size_t MarkStackSize                            = 4194304                                   {product} {ergonomic}
   size_t MaxHeapSize                              = 1589641216                                {product} {ergonomic}
   size_t MinHeapDeltaBytes                        = 1048576                                   {product} {ergonomic}
   size_t MinHeapSize                              = 8388608                                   {product} {ergonomic}
    uintx NonNMethodCodeHeapSize                   = 5839372                                {pd product} {ergonomic}
    uintx NonProfiledCodeHeapSize                  = 122909434                              {pd product} {ergonomic}
    uintx ProfiledCodeHeapSize                     = 122909434                              {pd product} {ergonomic}
    uintx ReservedCodeCacheSize                    = 251658240                              {pd product} {ergonomic}
     bool SegmentedCodeCache                       = true                                      {product} {ergonomic}
     bool ShowCodeDetailsInExceptionMessages       = true                                   {manageable} {command line}
   size_t SoftMaxHeapSize                          = 1589641216                             {manageable} {ergonomic}
     bool UseCompressedClassPointers               = true                           {product lp64_product} {ergonomic}
     bool UseCompressedOops                        = true                           {product lp64_product} {ergonomic}
     bool UseG1GC                                  = true                                      {product} {ergonomic}
     bool UseLargePagesIndividualAllocation        = false                                  {pd product} {ergonomic}

Logging:
Log output configuration:
 #0: stdout all=warning uptime,level,tags
 #1: stderr all=off uptime,level,tags

Environment Variables:
PATH=C:\Program Files\Common Files\Oracle\Java\javapath;C:\WINDOWS\system32;C:\WINDOWS;C:\WINDOWS\System32\Wbem;C:\WINDOWS\System32\WindowsPowerShell\v1.0\;C:\WINDOWS\System32\OpenSSH\;C:\Program Files (x86)\GTK2-Runtime\bin;C:\Program Files\MATLAB\R2022b\bin;C:\Program Files\Java\jdk-17\bin\java.exe;C:\Users\eq0024\AppData\Local\Microsoft\WindowsApps;
USERNAME=eq0024
OS=Windows_NT
PROCESSOR_IDENTIFIER=AMD64 Family 23 Model 24 Stepping 1, AuthenticAMD



---------------  S Y S T E M  ---------------

OS:
 Windows 11 , 64 bit Build 25905 (10.0.25905.1000)
OS uptime: 0 days 0:33 hours

CPU: total 8 (initial active 8) (8 cores per cpu, 2 threads per core) family 23 model 24 stepping 1 microcode 0x8108109, cx8, cmov, fxsr, ht, mmx, 3dnowpref, sse, sse2, sse3, ssse3, sse4a, sse4.1, sse4.2, popcnt, lzcnt, tsc, tscinvbit, avx, avx2, aes, clmul, bmi1, bmi2, adx, sha, fma, vzeroupper, clflush, clflushopt

Memory: 4k page, system-wide physical 6060M (1282M free)
TotalPageFile size 6060M (AvailPageFile size 17M)
current process WorkingSet (physical memory assigned to process): 11M, peak: 11M
current process commit charge ("private bytes"): 60M, peak: 156M

vm_info: Java HotSpot(TM) 64-Bit Server VM (17.0.7+8-LTS-224) for windows-amd64 JRE (17.0.7+8-LTS-224), built on Feb 28 2023 23:03:02 by "mach5one" with MS VC++ 17.1 (VS2022)

END.
